c:\users\vladi\desktop\dx11win10tut22_src\directx2\x64\debug\vc143.pdb
c:\users\vladi\desktop\dx11win10tut22_src\directx2\x64\debug\vc143.idb
c:\users\vladi\desktop\dx11win10tut22_src\directx2\x64\debug\textureshaderclass.obj
c:\users\vladi\desktop\dx11win10tut22_src\directx2\x64\debug\textureclass.obj
c:\users\vladi\desktop\dx11win10tut22_src\directx2\x64\debug\systemclass.obj
c:\users\vladi\desktop\dx11win10tut22_src\directx2\x64\debug\shadermanagerclass.obj
c:\users\vladi\desktop\dx11win10tut22_src\directx2\x64\debug\normalmapshaderclass.obj
c:\users\vladi\desktop\dx11win10tut22_src\directx2\x64\debug\modelclass.obj
c:\users\vladi\desktop\dx11win10tut22_src\directx2\x64\debug\main.obj
c:\users\vladi\desktop\dx11win10tut22_src\directx2\x64\debug\lightshaderclass.obj
c:\users\vladi\desktop\dx11win10tut22_src\directx2\x64\debug\lightclass.obj
c:\users\vladi\desktop\dx11win10tut22_src\directx2\x64\debug\inputclass.obj
c:\users\vladi\desktop\dx11win10tut22_src\directx2\x64\debug\d3dclass.obj
c:\users\vladi\desktop\dx11win10tut22_src\directx2\x64\debug\cameraclass.obj
c:\users\vladi\desktop\dx11win10tut22_src\directx2\x64\debug\applicationclass.obj
c:\users\vladi\desktop\dx11win10tut22_src\x64\debug\directx2.exe
c:\users\vladi\desktop\dx11win10tut22_src\x64\debug\directx2.pdb
c:\users\vladi\desktop\dx11win10tut22_src\directx2\x64\debug\directx2.ilk
c:\users\vladi\desktop\dx11win10tut22_src\directx2\x64\debug\directx2.tlog\cl.command.1.tlog
c:\users\vladi\desktop\dx11win10tut22_src\directx2\x64\debug\directx2.tlog\cl.items.tlog
c:\users\vladi\desktop\dx11win10tut22_src\directx2\x64\debug\directx2.tlog\cl.read.1.tlog
c:\users\vladi\desktop\dx11win10tut22_src\directx2\x64\debug\directx2.tlog\cl.write.1.tlog
c:\users\vladi\desktop\dx11win10tut22_src\directx2\x64\debug\directx2.tlog\link.command.1.tlog
c:\users\vladi\desktop\dx11win10tut22_src\directx2\x64\debug\directx2.tlog\link.read.1.tlog
c:\users\vladi\desktop\dx11win10tut22_src\directx2\x64\debug\directx2.tlog\link.secondary.1.tlog
c:\users\vladi\desktop\dx11win10tut22_src\directx2\x64\debug\directx2.tlog\link.write.1.tlog
